<?xml version="1.0" encoding="UTF-8"?>
<testsuite name="com.example.project.TestUser" tests="2" skipped="0" failures="0" errors="0" timestamp="2025-01-27T17:56:15" hostname="codespaces-8368a0" time="0.12">
  <properties/>
  <testcase name="testUserConstructor()" classname="com.example.project.TestUser" time="0.112"/>
  <testcase name="testUserInfo()" classname="com.example.project.TestUser" time="0.006"/>
  <system-out><![CDATA[]]></system-out>
  <system-err><![CDATA[]]></system-err>
</testsuite>
