<?xml version="1.0" encoding="UTF-8"?>
<testsuite name="com.example.project.TestBook" tests="3" skipped="0" failures="0" errors="0" timestamp="2025-01-27T17:56:15" hostname="codespaces-8368a0" time="0.15">
  <properties/>
  <testcase name="testBookInfo()" classname="com.example.project.TestBook" time="0.114"/>
  <testcase name="testBookConstructor()" classname="com.example.project.TestBook" time="0.011"/>
  <testcase name="testSetters()" classname="com.example.project.TestBook" time="0.006"/>
  <system-out><![CDATA[]]></system-out>
  <system-err><![CDATA[]]></system-err>
</testsuite>
