<?xml version="1.0" encoding="UTF-8"?>
<testsuite name="com.example.project.TestBook" tests="3" skipped="0" failures="0" errors="0" timestamp="2025-01-26T23:15:07" hostname="codespaces-8368a0" time="0.057">
  <properties/>
  <testcase name="testBookInfo()" classname="com.example.project.TestBook" time="0.053"/>
  <testcase name="testBookConstructor()" classname="com.example.project.TestBook" time="0.0"/>
  <testcase name="testSetters()" classname="com.example.project.TestBook" time="0.001"/>
  <system-out><![CDATA[]]></system-out>
  <system-err><![CDATA[]]></system-err>
</testsuite>
