<?xml version="1.0" encoding="UTF-8"?>
<testsuite name="com.example.project.TestIdGenerate" tests="1" skipped="0" failures="0" errors="0" timestamp="2025-01-26T23:15:07" hostname="codespaces-8368a0" time="0.0">
  <properties/>
  <testcase name="testIdGenerate()" classname="com.example.project.TestIdGenerate" time="0.0"/>
  <system-out><![CDATA[]]></system-out>
  <system-err><![CDATA[]]></system-err>
</testsuite>
